# JRE version: OpenJDK Runtime Environment Temurin-21.0.11+10 (21.0.11+10) (build 21.0.11+10-LTS)
# Java VM: OpenJDK 64-Bit Server VM Temurin-21.0.11+10 (21.0.11+10-LTS, mixed mode, sharing, tiered, compressed oops, compressed class ptrs, g1 gc, windows-amd64)
GC Precious Log:
 CardTable entry size: 512
 Card Set container configuration: InlinePtr #cards 5 size 8 Array Of Cards #cards 12 size 40 Howl #buckets 4 coarsen threshold 1843 Howl Bitmap #cards 512 size 80 coarsen threshold 460 Card regions per heap region 1 cards per card region 2048
 CPUs: 16 total, 16 available
 Memory: 5989M
 Large Page Support: Disabled
 NUMA Support: Disabled
 Compressed Oops: Enabled (32-bit)
 Heap Region Size: 1M
 Heap Min Capacity: 8M
 Heap Initial Capacity: 94M
 Heap Max Capacity: 1498M
 Pre-touch: Disabled
 Parallel Workers: 13
 Concurrent Workers: 3
 Concurrent Refinement Workers: 13
 Periodic GC: Disabled
Heap:
 garbage-first heap   total 96256K, used 85504K [0x00000000a2600000, 0x0000000100000000)
  region size 1024K, 42 young (43008K), 5 survivors (5120K)
 Metaspace       used 19344K, committed 19712K, reserved 1114112K
  class space    used 2211K, committed 2368K, reserved 1048576K
GC Heap History (8 events):
Event: 2.070 GC heap before
{Heap before GC invocations=0 (full 0):
 garbage-first heap   total 96256K, used 22528K [0x00000000a2600000, 0x0000000100000000)
  region size 1024K, 23 young (23552K), 0 survivors (0K)
 Metaspace       used 5569K, committed 5824K, reserved 1114112K
  class space    used 657K, committed 768K, reserved 1048576K
}
Event: 2.089 GC heap after
{Heap after GC invocations=1 (full 0):
 garbage-first heap   total 96256K, used 3852K [0x00000000a2600000, 0x0000000100000000)
  region size 1024K, 3 young (3072K), 3 survivors (3072K)
 Metaspace       used 5569K, committed 5824K, reserved 1114112K
  class space    used 657K, committed 768K, reserved 1048576K
}
Event: 3.608 GC heap before
{Heap before GC invocations=1 (full 0):
 garbage-first heap   total 96256K, used 34572K [0x00000000a2600000, 0x0000000100000000)
  region size 1024K, 33 young (33792K), 3 survivors (3072K)
 Metaspace       used 8242K, committed 8384K, reserved 1114112K
  class space    used 963K, committed 1024K, reserved 1048576K
}
Event: 3.623 GC heap after
{Heap after GC invocations=2 (full 0):
 garbage-first heap   total 96256K, used 4755K [0x00000000a2600000, 0x0000000100000000)
  region size 1024K, 1 young (1024K), 1 survivors (1024K)
 Metaspace       used 8242K, committed 8384K, reserved 1114112K
  class space    used 963K, committed 1024K, reserved 1048576K
}
Event: 8.014 GC heap before
{Heap before GC invocations=2 (full 0):
 garbage-first heap   total 96256K, used 61075K [0x00000000a2600000, 0x0000000100000000)
  region size 1024K, 56 young (57344K), 1 survivors (1024K)
 Metaspace       used 15413K, committed 15680K, reserved 1114112K
  class space    used 1834K, committed 1920K, reserved 1048576K
}
Event: 8.044 GC heap after
{Heap after GC invocations=3 (full 0):
 garbage-first heap   total 96256K, used 10934K [0x00000000a2600000, 0x0000000100000000)
  region size 1024K, 7 young (7168K), 7 survivors (7168K)
 Metaspace       used 15413K, committed 15680K, reserved 1114112K
  class space    used 1834K, committed 1920K, reserved 1048576K
}
Event: 10.031 GC heap before
{Heap before GC invocations=3 (full 0):
 garbage-first heap   total 96256K, used 61110K [0x00000000a2600000, 0x0000000100000000)
  region size 1024K, 56 young (57344K), 7 survivors (7168K)
 Metaspace       used 16391K, committed 16640K, reserved 1114112K
  class space    used 1899K, committed 1984K, reserved 1048576K
}
Event: 10.055 GC heap after
{Heap after GC invocations=4 (full 0):
 garbage-first heap   total 96256K, used 15872K [0x00000000a2600000, 0x0000000100000000)
  region size 1024K, 5 young (5120K), 5 survivors (5120K)
 Metaspace       used 16391K, committed 16640K, reserved 1114112K
  class space    used 1899K, committed 1984K, reserved 1048576K
}

